Traceback (most recent call last):
  File "/home/bomaoqrt/yuhga_home/passenger_wsgi.py", line 1, in <module>
    from bomach.wsgi import application
  File "/home/bomaoqrt/yuhga_home/bomach/wsgi.py", line 12, in <module>
    from django.core.wsgi import get_wsgi_application
ModuleNotFoundError: No module named 'django'
Traceback (most recent call last):
  File "/home/bomaoqrt/yuhga_home/passenger_wsgi.py", line 1, in <module>
    from bomach.wsgi import application
  File "/home/bomaoqrt/yuhga_home/bomach/wsgi.py", line 12, in <module>
    from django.core.wsgi import get_wsgi_application
ModuleNotFoundError: No module named 'django'
Traceback (most recent call last):
  File "/home/bomaoqrt/yuhga_home/passenger_wsgi.py", line 1, in <module>
    from bomach.wsgi import application
  File "/home/bomaoqrt/yuhga_home/bomach/wsgi.py", line 12, in <module>
    from django.core.wsgi import get_wsgi_application
ModuleNotFoundError: No module named 'django'
Traceback (most recent call last):
  File "/home/bomaoqrt/yuhga_home/passenger_wsgi.py", line 1, in <module>
    from bomach.wsgi import application
  File "/home/bomaoqrt/yuhga_home/bomach/wsgi.py", line 12, in <module>
    from django.core.wsgi import get_wsgi_application
ModuleNotFoundError: No module named 'django'
Traceback (most recent call last):
  File "/home/bomaoqrt/yuhga_home/passenger_wsgi.py", line 1, in <module>
    from bomach.wsgi import application
  File "/home/bomaoqrt/yuhga_home/bomach/wsgi.py", line 16, in <module>
    application = get_wsgi_application()
  File "/home/bomaoqrt/virtualenv/yuhga_home/3.9/lib/python3.9/site-packages/django/core/wsgi.py", line 12, in get_wsgi_application
    django.setup(set_prefix=False)
  File "/home/bomaoqrt/virtualenv/yuhga_home/3.9/lib/python3.9/site-packages/django/__init__.py", line 19, in setup
    configure_logging(settings.LOGGING_CONFIG, settings.LOGGING)
  File "/home/bomaoqrt/virtualenv/yuhga_home/3.9/lib/python3.9/site-packages/django/conf/__init__.py", line 82, in __getattr__
    self._setup(name)
  File "/home/bomaoqrt/virtualenv/yuhga_home/3.9/lib/python3.9/site-packages/django/conf/__init__.py", line 69, in _setup
    self._wrapped = Settings(settings_module)
  File "/home/bomaoqrt/virtualenv/yuhga_home/3.9/lib/python3.9/site-packages/django/conf/__init__.py", line 170, in __init__
    mod = importlib.import_module(self.SETTINGS_MODULE)
  File "/opt/alt/python39/lib64/python3.9/importlib/__init__.py", line 127, in import_module
    return _bootstrap._gcd_import(name[level:], package, level)
  File "/home/bomaoqrt/yuhga_home/bomach/settings.py", line 36, in <module>
    SECRET_KEY = config('SECRET_KEY')
  File "/home/bomaoqrt/virtualenv/yuhga_home/3.9/lib/python3.9/site-packages/decouple.py", line 248, in __call__
    return self.config(*args, **kwargs)
  File "/home/bomaoqrt/virtualenv/yuhga_home/3.9/lib/python3.9/site-packages/decouple.py", line 107, in __call__
    return self.get(*args, **kwargs)
  File "/home/bomaoqrt/virtualenv/yuhga_home/3.9/lib/python3.9/site-packages/decouple.py", line 92, in get
    raise UndefinedValueError('{} not found. Declare it as envvar or define a default value.'.format(option))
decouple.UndefinedValueError: SECRET_KEY not found. Declare it as envvar or define a default value.
Traceback (most recent call last):
  File "/home/bomaoqrt/yuhga_home/passenger_wsgi.py", line 1, in <module>
    from bomach.wsgi import application
  File "/home/bomaoqrt/yuhga_home/bomach/wsgi.py", line 16, in <module>
    application = get_wsgi_application()
  File "/home/bomaoqrt/virtualenv/yuhga_home/3.9/lib/python3.9/site-packages/django/core/wsgi.py", line 12, in get_wsgi_application
    django.setup(set_prefix=False)
  File "/home/bomaoqrt/virtualenv/yuhga_home/3.9/lib/python3.9/site-packages/django/__init__.py", line 19, in setup
    configure_logging(settings.LOGGING_CONFIG, settings.LOGGING)
  File "/home/bomaoqrt/virtualenv/yuhga_home/3.9/lib/python3.9/site-packages/django/conf/__init__.py", line 82, in __getattr__
    self._setup(name)
  File "/home/bomaoqrt/virtualenv/yuhga_home/3.9/lib/python3.9/site-packages/django/conf/__init__.py", line 69, in _setup
    self._wrapped = Settings(settings_module)
  File "/home/bomaoqrt/virtualenv/yuhga_home/3.9/lib/python3.9/site-packages/django/conf/__init__.py", line 170, in __init__
    mod = importlib.import_module(self.SETTINGS_MODULE)
  File "/opt/alt/python39/lib64/python3.9/importlib/__init__.py", line 127, in import_module
    return _bootstrap._gcd_import(name[level:], package, level)
  File "/home/bomaoqrt/yuhga_home/bomach/settings.py", line 36, in <module>
    SECRET_KEY = config('SECRET_KEY')
  File "/home/bomaoqrt/virtualenv/yuhga_home/3.9/lib/python3.9/site-packages/decouple.py", line 248, in __call__
    return self.config(*args, **kwargs)
  File "/home/bomaoqrt/virtualenv/yuhga_home/3.9/lib/python3.9/site-packages/decouple.py", line 107, in __call__
    return self.get(*args, **kwargs)
  File "/home/bomaoqrt/virtualenv/yuhga_home/3.9/lib/python3.9/site-packages/decouple.py", line 92, in get
    raise UndefinedValueError('{} not found. Declare it as envvar or define a default value.'.format(option))
decouple.UndefinedValueError: SECRET_KEY not found. Declare it as envvar or define a default value.
